-------------------------------------------------------------------------------
Test set: The user should be able to edit profile
-------------------------------------------------------------------------------
Tests run: 1, Failures: 0, Errors: 1, Skipped: 0, Time elapsed: 0.24 s <<< FAILURE! - in The user should be able to edit profile
The user should be able to edit profile.Edit Profil  Time elapsed: 0.24 s  <<< ERROR!
io.cucumber.junit.UndefinedStepException: 
The step 'The user is on the login page' and 11 other step(s) are undefined.
You can implement these steps using the snippet(s) below:

@Given("The user is on the login page")
public void the_user_is_on_the_login_page() {
    // Write code here that turns the phrase above into concrete actions
    throw new io.cucumber.java.PendingException();
}
@When("The user logs in using {string} and {string}")
public void the_user_logs_in_using_and(String string, String string2) {
    // Write code here that turns the phrase above into concrete actions
    throw new io.cucumber.java.PendingException();
}
@When("The user navigates to {string}")
public void the_user_navigates_to(String string) {
    // Write code here that turns the phrase above into concrete actions
    throw new io.cucumber.java.PendingException();
}
@When("The user select status {string}")
public void the_user_select_status(String string) {
    // Write code here that turns the phrase above into concrete actions
    throw new io.cucumber.java.PendingException();
}
@When("The user slides the slider")
public void the_user_slides_the_slider() {
    // Write code here that turns the phrase above into concrete actions
    throw new io.cucumber.java.PendingException();
}
@When("The user add {string} {string}")
public void the_user_add(String string, String string2) {
    // Write code here that turns the phrase above into concrete actions
    throw new io.cucumber.java.PendingException();
}
@When("The user click on the submit button")
public void the_user_click_on_the_submit_button() {
    // Write code here that turns the phrase above into concrete actions
    throw new io.cucumber.java.PendingException();
}


